[2026-01-06 11:36:07,617] 45 root - WARNING - Settlement 'Windhoek' not found. Error: Invalid API key. Please see https://openweathermap.org/faq#error401 for more info.
[2026-01-06 11:36:07,617] 94 root - INFO -  Skipped Windhoek
[2026-01-06 11:36:08,353] 45 root - WARNING - Settlement 'Dordabis' not found. Error: Invalid API key. Please see https://openweathermap.org/faq#error401 for more info.
[2026-01-06 11:36:08,353] 94 root - INFO -  Skipped Dordabis
[2026-01-06 11:36:09,066] 45 root - WARNING - Settlement 'Seeis' not found. Error: Invalid API key. Please see https://openweathermap.org/faq#error401 for more info.
[2026-01-06 11:36:09,067] 94 root - INFO -  Skipped Seeis
[2026-01-06 11:36:09,880] 45 root - WARNING - Settlement 'Swakopmund' not found. Error: Invalid API key. Please see https://openweathermap.org/faq#error401 for more info.
[2026-01-06 11:36:09,880] 94 root - INFO -  Skipped Swakopmund
[2026-01-06 11:36:10,622] 45 root - WARNING - Settlement 'Walvis Bay' not found. Error: Invalid API key. Please see https://openweathermap.org/faq#error401 for more info.
[2026-01-06 11:36:10,622] 94 root - INFO -  Skipped Walvis Bay
[2026-01-06 11:36:11,322] 45 root - WARNING - Settlement 'Arandis' not found. Error: Invalid API key. Please see https://openweathermap.org/faq#error401 for more info.
[2026-01-06 11:36:11,323] 94 root - INFO -  Skipped Arandis
[2026-01-06 11:36:12,035] 45 root - WARNING - Settlement 'Usakos' not found. Error: Invalid API key. Please see https://openweathermap.org/faq#error401 for more info.
[2026-01-06 11:36:12,036] 94 root - INFO -  Skipped Usakos
[2026-01-06 11:36:12,726] 45 root - WARNING - Settlement 'Omaruru' not found. Error: Invalid API key. Please see https://openweathermap.org/faq#error401 for more info.
[2026-01-06 11:36:12,726] 94 root - INFO -  Skipped Omaruru
[2026-01-06 11:36:13,371] 45 root - WARNING - Settlement 'Henties Bay' not found. Error: Invalid API key. Please see https://openweathermap.org/faq#error401 for more info.
[2026-01-06 11:36:13,371] 94 root - INFO -  Skipped Henties Bay
[2026-01-06 11:36:14,104] 45 root - WARNING - Settlement 'Oshakati' not found. Error: Invalid API key. Please see https://openweathermap.org/faq#error401 for more info.
[2026-01-06 11:36:14,105] 94 root - INFO -  Skipped Oshakati
[2026-01-06 11:36:14,901] 45 root - WARNING - Settlement 'Ongwediva' not found. Error: Invalid API key. Please see https://openweathermap.org/faq#error401 for more info.
[2026-01-06 11:36:14,902] 94 root - INFO -  Skipped Ongwediva
[2026-01-06 11:36:15,635] 45 root - WARNING - Settlement 'Ompundja' not found. Error: Invalid API key. Please see https://openweathermap.org/faq#error401 for more info.
[2026-01-06 11:36:15,635] 94 root - INFO -  Skipped Ompundja
[2026-01-06 11:36:16,441] 45 root - WARNING - Settlement 'Eenhana' not found. Error: Invalid API key. Please see https://openweathermap.org/faq#error401 for more info.
[2026-01-06 11:36:16,441] 94 root - INFO -  Skipped Eenhana
[2026-01-06 11:36:17,200] 45 root - WARNING - Settlement 'Helao Nafidi' not found. Error: Invalid API key. Please see https://openweathermap.org/faq#error401 for more info.
[2026-01-06 11:36:17,201] 94 root - INFO -  Skipped Helao Nafidi
[2026-01-06 11:36:17,975] 45 root - WARNING - Settlement 'Okongo' not found. Error: Invalid API key. Please see https://openweathermap.org/faq#error401 for more info.
[2026-01-06 11:36:17,975] 94 root - INFO -  Skipped Okongo
[2026-01-06 11:36:18,614] 45 root - WARNING - Settlement 'Outapi' not found. Error: Invalid API key. Please see https://openweathermap.org/faq#error401 for more info.
[2026-01-06 11:36:18,615] 94 root - INFO -  Skipped Outapi
[2026-01-06 11:36:19,271] 45 root - WARNING - Settlement 'Tsandi' not found. Error: Invalid API key. Please see https://openweathermap.org/faq#error401 for more info.
[2026-01-06 11:36:19,272] 94 root - INFO -  Skipped Tsandi
[2026-01-06 11:36:20,018] 45 root - WARNING - Settlement 'Okahao' not found. Error: Invalid API key. Please see https://openweathermap.org/faq#error401 for more info.
[2026-01-06 11:36:20,018] 94 root - INFO -  Skipped Okahao
[2026-01-06 11:36:20,698] 45 root - WARNING - Settlement 'Ruacana' not found. Error: Invalid API key. Please see https://openweathermap.org/faq#error401 for more info.
[2026-01-06 11:36:20,698] 94 root - INFO -  Skipped Ruacana
[2026-01-06 11:36:21,348] 45 root - WARNING - Settlement 'Tsumeb' not found. Error: Invalid API key. Please see https://openweathermap.org/faq#error401 for more info.
[2026-01-06 11:36:21,348] 94 root - INFO -  Skipped Tsumeb
[2026-01-06 11:36:21,994] 45 root - WARNING - Settlement 'Omuthiya' not found. Error: Invalid API key. Please see https://openweathermap.org/faq#error401 for more info.
[2026-01-06 11:36:21,995] 94 root - INFO -  Skipped Omuthiya
[2026-01-06 11:36:22,695] 45 root - WARNING - Settlement 'Oniipa' not found. Error: Invalid API key. Please see https://openweathermap.org/faq#error401 for more info.
[2026-01-06 11:36:22,695] 94 root - INFO -  Skipped Oniipa
[2026-01-06 11:36:23,402] 45 root - WARNING - Settlement 'Otjiwarongo' not found. Error: Invalid API key. Please see https://openweathermap.org/faq#error401 for more info.
[2026-01-06 11:36:23,402] 94 root - INFO -  Skipped Otjiwarongo
[2026-01-06 11:36:24,146] 45 root - WARNING - Settlement 'Grootfontein' not found. Error: Invalid API key. Please see https://openweathermap.org/faq#error401 for more info.
[2026-01-06 11:36:24,146] 94 root - INFO -  Skipped Grootfontein
[2026-01-06 11:36:24,942] 45 root - WARNING - Settlement 'Okakarara' not found. Error: Invalid API key. Please see https://openweathermap.org/faq#error401 for more info.
[2026-01-06 11:36:24,942] 94 root - INFO -  Skipped Okakarara
[2026-01-06 11:36:25,665] 45 root - WARNING - Settlement 'Opuwo' not found. Error: Invalid API key. Please see https://openweathermap.org/faq#error401 for more info.
[2026-01-06 11:36:25,665] 94 root - INFO -  Skipped Opuwo
[2026-01-06 11:36:26,469] 45 root - WARNING - Settlement 'Khorixas' not found. Error: Invalid API key. Please see https://openweathermap.org/faq#error401 for more info.
[2026-01-06 11:36:26,470] 94 root - INFO -  Skipped Khorixas
[2026-01-06 11:36:27,293] 45 root - WARNING - Settlement 'Sesfontein' not found. Error: Invalid API key. Please see https://openweathermap.org/faq#error401 for more info.
[2026-01-06 11:36:27,293] 94 root - INFO -  Skipped Sesfontein
[2026-01-06 11:36:28,112] 45 root - WARNING - Settlement 'Katima Mulilo' not found. Error: Invalid API key. Please see https://openweathermap.org/faq#error401 for more info.
[2026-01-06 11:36:28,112] 94 root - INFO -  Skipped Katima Mulilo
[2026-01-06 11:36:28,843] 45 root - WARNING - Settlement 'Kongola' not found. Error: Invalid API key. Please see https://openweathermap.org/faq#error401 for more info.
[2026-01-06 11:36:28,843] 94 root - INFO -  Skipped Kongola
[2026-01-06 11:36:29,644] 45 root - WARNING - Settlement 'Rundu' not found. Error: Invalid API key. Please see https://openweathermap.org/faq#error401 for more info.
[2026-01-06 11:36:29,644] 94 root - INFO -  Skipped Rundu
[2026-01-06 11:36:30,360] 45 root - WARNING - Settlement 'Divundu' not found. Error: Invalid API key. Please see https://openweathermap.org/faq#error401 for more info.
[2026-01-06 11:36:30,361] 94 root - INFO -  Skipped Divundu
[2026-01-06 11:36:31,184] 45 root - WARNING - Settlement 'Nkurenkuru' not found. Error: Invalid API key. Please see https://openweathermap.org/faq#error401 for more info.
[2026-01-06 11:36:31,184] 94 root - INFO -  Skipped Nkurenkuru
[2026-01-06 11:36:31,935] 45 root - WARNING - Settlement 'Mpungu' not found. Error: Invalid API key. Please see https://openweathermap.org/faq#error401 for more info.
[2026-01-06 11:36:31,935] 94 root - INFO -  Skipped Mpungu
[2026-01-06 11:36:32,717] 45 root - WARNING - Settlement 'Mariental' not found. Error: Invalid API key. Please see https://openweathermap.org/faq#error401 for more info.
[2026-01-06 11:36:32,717] 94 root - INFO -  Skipped Mariental
[2026-01-06 11:36:33,536] 45 root - WARNING - Settlement 'Rehoboth' not found. Error: Invalid API key. Please see https://openweathermap.org/faq#error401 for more info.
[2026-01-06 11:36:33,537] 94 root - INFO -  Skipped Rehoboth
[2026-01-06 11:36:34,256] 45 root - WARNING - Settlement 'Gibeon' not found. Error: Invalid API key. Please see https://openweathermap.org/faq#error401 for more info.
[2026-01-06 11:36:34,257] 94 root - INFO -  Skipped Gibeon
[2026-01-06 11:36:35,078] 45 root - WARNING - Settlement 'Keetmanshoop' not found. Error: Invalid API key. Please see https://openweathermap.org/faq#error401 for more info.
[2026-01-06 11:36:35,078] 94 root - INFO -  Skipped Keetmanshoop
[2026-01-06 11:36:35,812] 45 root - WARNING - Settlement 'Lüderitz' not found. Error: Invalid API key. Please see https://openweathermap.org/faq#error401 for more info.
[2026-01-06 11:36:35,812] 94 root - INFO -  Skipped Lüderitz
[2026-01-06 11:36:36,609] 45 root - WARNING - Settlement 'Oranjemund' not found. Error: Invalid API key. Please see https://openweathermap.org/faq#error401 for more info.
[2026-01-06 11:36:36,609] 94 root - INFO -  Skipped Oranjemund
[2026-01-06 11:36:37,437] 45 root - WARNING - Settlement 'Karasburg' not found. Error: Invalid API key. Please see https://openweathermap.org/faq#error401 for more info.
[2026-01-06 11:36:37,437] 94 root - INFO -  Skipped Karasburg
[2026-01-06 11:36:38,142] 45 root - WARNING - Settlement 'Gobabis' not found. Error: Invalid API key. Please see https://openweathermap.org/faq#error401 for more info.
[2026-01-06 11:36:38,143] 94 root - INFO -  Skipped Gobabis
[2026-01-06 11:36:38,878] 45 root - WARNING - Settlement 'Leonardville' not found. Error: Invalid API key. Please see https://openweathermap.org/faq#error401 for more info.
[2026-01-06 11:36:38,878] 94 root - INFO -  Skipped Leonardville
[2026-01-06 11:36:39,556] 45 root - WARNING - Settlement 'Witvlei' not found. Error: Invalid API key. Please see https://openweathermap.org/faq#error401 for more info.
[2026-01-06 11:36:39,556] 94 root - INFO -  Skipped Witvlei
