[2026-01-06 11:34:36,598] 45 root - WARNING - Settlement 'Windhoek' not found. Error: Invalid API key. Please see https://openweathermap.org/faq#error401 for more info.
[2026-01-06 11:34:36,598] 94 root - INFO -  Skipped Windhoek
[2026-01-06 11:34:37,424] 45 root - WARNING - Settlement 'Dordabis' not found. Error: Invalid API key. Please see https://openweathermap.org/faq#error401 for more info.
[2026-01-06 11:34:37,424] 94 root - INFO -  Skipped Dordabis
[2026-01-06 11:34:38,249] 45 root - WARNING - Settlement 'Seeis' not found. Error: Invalid API key. Please see https://openweathermap.org/faq#error401 for more info.
[2026-01-06 11:34:38,250] 94 root - INFO -  Skipped Seeis
[2026-01-06 11:34:38,896] 45 root - WARNING - Settlement 'Swakopmund' not found. Error: Invalid API key. Please see https://openweathermap.org/faq#error401 for more info.
[2026-01-06 11:34:38,896] 94 root - INFO -  Skipped Swakopmund
[2026-01-06 11:34:39,570] 45 root - WARNING - Settlement 'Walvis Bay' not found. Error: Invalid API key. Please see https://openweathermap.org/faq#error401 for more info.
[2026-01-06 11:34:39,571] 94 root - INFO -  Skipped Walvis Bay
[2026-01-06 11:34:40,386] 45 root - WARNING - Settlement 'Arandis' not found. Error: Invalid API key. Please see https://openweathermap.org/faq#error401 for more info.
[2026-01-06 11:34:40,386] 94 root - INFO -  Skipped Arandis
[2026-01-06 11:34:41,107] 45 root - WARNING - Settlement 'Usakos' not found. Error: Invalid API key. Please see https://openweathermap.org/faq#error401 for more info.
[2026-01-06 11:34:41,108] 94 root - INFO -  Skipped Usakos
[2026-01-06 11:34:41,892] 45 root - WARNING - Settlement 'Omaruru' not found. Error: Invalid API key. Please see https://openweathermap.org/faq#error401 for more info.
[2026-01-06 11:34:41,892] 94 root - INFO -  Skipped Omaruru
[2026-01-06 11:34:42,640] 45 root - WARNING - Settlement 'Henties Bay' not found. Error: Invalid API key. Please see https://openweathermap.org/faq#error401 for more info.
[2026-01-06 11:34:42,641] 94 root - INFO -  Skipped Henties Bay
[2026-01-06 11:34:43,384] 45 root - WARNING - Settlement 'Oshakati' not found. Error: Invalid API key. Please see https://openweathermap.org/faq#error401 for more info.
[2026-01-06 11:34:43,384] 94 root - INFO -  Skipped Oshakati
[2026-01-06 11:34:44,042] 45 root - WARNING - Settlement 'Ongwediva' not found. Error: Invalid API key. Please see https://openweathermap.org/faq#error401 for more info.
[2026-01-06 11:34:44,042] 94 root - INFO -  Skipped Ongwediva
[2026-01-06 11:34:44,795] 45 root - WARNING - Settlement 'Ompundja' not found. Error: Invalid API key. Please see https://openweathermap.org/faq#error401 for more info.
[2026-01-06 11:34:44,795] 94 root - INFO -  Skipped Ompundja
[2026-01-06 11:34:45,508] 45 root - WARNING - Settlement 'Eenhana' not found. Error: Invalid API key. Please see https://openweathermap.org/faq#error401 for more info.
[2026-01-06 11:34:45,508] 94 root - INFO -  Skipped Eenhana
[2026-01-06 11:34:46,469] 45 root - WARNING - Settlement 'Helao Nafidi' not found. Error: Invalid API key. Please see https://openweathermap.org/faq#error401 for more info.
[2026-01-06 11:34:46,469] 94 root - INFO -  Skipped Helao Nafidi
[2026-01-06 11:34:47,110] 45 root - WARNING - Settlement 'Okongo' not found. Error: Invalid API key. Please see https://openweathermap.org/faq#error401 for more info.
[2026-01-06 11:34:47,110] 94 root - INFO -  Skipped Okongo
[2026-01-06 11:34:47,743] 45 root - WARNING - Settlement 'Outapi' not found. Error: Invalid API key. Please see https://openweathermap.org/faq#error401 for more info.
[2026-01-06 11:34:47,743] 94 root - INFO -  Skipped Outapi
[2026-01-06 11:34:48,580] 45 root - WARNING - Settlement 'Tsandi' not found. Error: Invalid API key. Please see https://openweathermap.org/faq#error401 for more info.
[2026-01-06 11:34:48,580] 94 root - INFO -  Skipped Tsandi
[2026-01-06 11:34:49,304] 45 root - WARNING - Settlement 'Okahao' not found. Error: Invalid API key. Please see https://openweathermap.org/faq#error401 for more info.
[2026-01-06 11:34:49,305] 94 root - INFO -  Skipped Okahao
[2026-01-06 11:34:49,971] 45 root - WARNING - Settlement 'Ruacana' not found. Error: Invalid API key. Please see https://openweathermap.org/faq#error401 for more info.
[2026-01-06 11:34:49,972] 94 root - INFO -  Skipped Ruacana
[2026-01-06 11:34:50,633] 45 root - WARNING - Settlement 'Tsumeb' not found. Error: Invalid API key. Please see https://openweathermap.org/faq#error401 for more info.
[2026-01-06 11:34:50,633] 94 root - INFO -  Skipped Tsumeb
[2026-01-06 11:34:51,369] 45 root - WARNING - Settlement 'Omuthiya' not found. Error: Invalid API key. Please see https://openweathermap.org/faq#error401 for more info.
[2026-01-06 11:34:51,369] 94 root - INFO -  Skipped Omuthiya
[2026-01-06 11:34:52,162] 45 root - WARNING - Settlement 'Oniipa' not found. Error: Invalid API key. Please see https://openweathermap.org/faq#error401 for more info.
[2026-01-06 11:34:52,162] 94 root - INFO -  Skipped Oniipa
[2026-01-06 11:34:52,983] 45 root - WARNING - Settlement 'Otjiwarongo' not found. Error: Invalid API key. Please see https://openweathermap.org/faq#error401 for more info.
[2026-01-06 11:34:52,983] 94 root - INFO -  Skipped Otjiwarongo
[2026-01-06 11:34:53,666] 45 root - WARNING - Settlement 'Grootfontein' not found. Error: Invalid API key. Please see https://openweathermap.org/faq#error401 for more info.
[2026-01-06 11:34:53,666] 94 root - INFO -  Skipped Grootfontein
[2026-01-06 11:34:54,370] 45 root - WARNING - Settlement 'Okakarara' not found. Error: Invalid API key. Please see https://openweathermap.org/faq#error401 for more info.
[2026-01-06 11:34:54,370] 94 root - INFO -  Skipped Okakarara
[2026-01-06 11:34:55,130] 45 root - WARNING - Settlement 'Opuwo' not found. Error: Invalid API key. Please see https://openweathermap.org/faq#error401 for more info.
[2026-01-06 11:34:55,131] 94 root - INFO -  Skipped Opuwo
[2026-01-06 11:34:55,959] 45 root - WARNING - Settlement 'Khorixas' not found. Error: Invalid API key. Please see https://openweathermap.org/faq#error401 for more info.
[2026-01-06 11:34:55,960] 94 root - INFO -  Skipped Khorixas
[2026-01-06 11:34:56,680] 45 root - WARNING - Settlement 'Sesfontein' not found. Error: Invalid API key. Please see https://openweathermap.org/faq#error401 for more info.
[2026-01-06 11:34:56,681] 94 root - INFO -  Skipped Sesfontein
[2026-01-06 11:34:57,492] 45 root - WARNING - Settlement 'Katima Mulilo' not found. Error: Invalid API key. Please see https://openweathermap.org/faq#error401 for more info.
[2026-01-06 11:34:57,492] 94 root - INFO -  Skipped Katima Mulilo
[2026-01-06 11:34:58,315] 45 root - WARNING - Settlement 'Kongola' not found. Error: Invalid API key. Please see https://openweathermap.org/faq#error401 for more info.
[2026-01-06 11:34:58,315] 94 root - INFO -  Skipped Kongola
[2026-01-06 11:34:59,037] 45 root - WARNING - Settlement 'Rundu' not found. Error: Invalid API key. Please see https://openweathermap.org/faq#error401 for more info.
[2026-01-06 11:34:59,038] 94 root - INFO -  Skipped Rundu
[2026-01-06 11:34:59,853] 45 root - WARNING - Settlement 'Divundu' not found. Error: Invalid API key. Please see https://openweathermap.org/faq#error401 for more info.
[2026-01-06 11:34:59,853] 94 root - INFO -  Skipped Divundu
[2026-01-06 11:35:00,663] 45 root - WARNING - Settlement 'Nkurenkuru' not found. Error: Invalid API key. Please see https://openweathermap.org/faq#error401 for more info.
[2026-01-06 11:35:00,663] 94 root - INFO -  Skipped Nkurenkuru
[2026-01-06 11:35:01,491] 45 root - WARNING - Settlement 'Mpungu' not found. Error: Invalid API key. Please see https://openweathermap.org/faq#error401 for more info.
[2026-01-06 11:35:01,491] 94 root - INFO -  Skipped Mpungu
[2026-01-06 11:35:02,300] 45 root - WARNING - Settlement 'Mariental' not found. Error: Invalid API key. Please see https://openweathermap.org/faq#error401 for more info.
[2026-01-06 11:35:02,301] 94 root - INFO -  Skipped Mariental
[2026-01-06 11:35:03,018] 45 root - WARNING - Settlement 'Rehoboth' not found. Error: Invalid API key. Please see https://openweathermap.org/faq#error401 for more info.
[2026-01-06 11:35:03,018] 94 root - INFO -  Skipped Rehoboth
[2026-01-06 11:35:03,839] 45 root - WARNING - Settlement 'Gibeon' not found. Error: Invalid API key. Please see https://openweathermap.org/faq#error401 for more info.
[2026-01-06 11:35:03,839] 94 root - INFO -  Skipped Gibeon
[2026-01-06 11:35:04,656] 45 root - WARNING - Settlement 'Keetmanshoop' not found. Error: Invalid API key. Please see https://openweathermap.org/faq#error401 for more info.
[2026-01-06 11:35:04,657] 94 root - INFO -  Skipped Keetmanshoop
[2026-01-06 11:35:05,327] 45 root - WARNING - Settlement 'Lüderitz' not found. Error: Invalid API key. Please see https://openweathermap.org/faq#error401 for more info.
[2026-01-06 11:35:05,327] 94 root - INFO -  Skipped Lüderitz
[2026-01-06 11:35:06,089] 45 root - WARNING - Settlement 'Oranjemund' not found. Error: Invalid API key. Please see https://openweathermap.org/faq#error401 for more info.
[2026-01-06 11:35:06,089] 94 root - INFO -  Skipped Oranjemund
[2026-01-06 11:35:06,826] 45 root - WARNING - Settlement 'Karasburg' not found. Error: Invalid API key. Please see https://openweathermap.org/faq#error401 for more info.
[2026-01-06 11:35:06,826] 94 root - INFO -  Skipped Karasburg
[2026-01-06 11:35:07,480] 45 root - WARNING - Settlement 'Gobabis' not found. Error: Invalid API key. Please see https://openweathermap.org/faq#error401 for more info.
[2026-01-06 11:35:07,480] 94 root - INFO -  Skipped Gobabis
[2026-01-06 11:35:08,255] 45 root - WARNING - Settlement 'Leonardville' not found. Error: Invalid API key. Please see https://openweathermap.org/faq#error401 for more info.
[2026-01-06 11:35:08,255] 94 root - INFO -  Skipped Leonardville
[2026-01-06 11:35:09,064] 45 root - WARNING - Settlement 'Witvlei' not found. Error: Invalid API key. Please see https://openweathermap.org/faq#error401 for more info.
[2026-01-06 11:35:09,064] 94 root - INFO -  Skipped Witvlei
