[2026-01-06 11:38:37,854] 45 root - WARNING - Settlement 'Windhoek' not found. Error: Invalid API key. Please see https://openweathermap.org/faq#error401 for more info.
[2026-01-06 11:38:37,854] 94 root - INFO -  Skipped Windhoek
[2026-01-06 11:38:38,669] 45 root - WARNING - Settlement 'Dordabis' not found. Error: Invalid API key. Please see https://openweathermap.org/faq#error401 for more info.
[2026-01-06 11:38:38,670] 94 root - INFO -  Skipped Dordabis
[2026-01-06 11:38:39,390] 45 root - WARNING - Settlement 'Seeis' not found. Error: Invalid API key. Please see https://openweathermap.org/faq#error401 for more info.
[2026-01-06 11:38:39,391] 94 root - INFO -  Skipped Seeis
[2026-01-06 11:38:40,208] 45 root - WARNING - Settlement 'Swakopmund' not found. Error: Invalid API key. Please see https://openweathermap.org/faq#error401 for more info.
[2026-01-06 11:38:40,208] 94 root - INFO -  Skipped Swakopmund
[2026-01-06 11:38:41,127] 45 root - WARNING - Settlement 'Walvis Bay' not found. Error: Invalid API key. Please see https://openweathermap.org/faq#error401 for more info.
[2026-01-06 11:38:41,127] 94 root - INFO -  Skipped Walvis Bay
[2026-01-06 11:38:41,944] 45 root - WARNING - Settlement 'Arandis' not found. Error: Invalid API key. Please see https://openweathermap.org/faq#error401 for more info.
[2026-01-06 11:38:41,944] 94 root - INFO -  Skipped Arandis
[2026-01-06 11:38:42,762] 45 root - WARNING - Settlement 'Usakos' not found. Error: Invalid API key. Please see https://openweathermap.org/faq#error401 for more info.
[2026-01-06 11:38:42,763] 94 root - INFO -  Skipped Usakos
[2026-01-06 11:38:43,480] 45 root - WARNING - Settlement 'Omaruru' not found. Error: Invalid API key. Please see https://openweathermap.org/faq#error401 for more info.
[2026-01-06 11:38:43,480] 94 root - INFO -  Skipped Omaruru
[2026-01-06 11:38:44,302] 45 root - WARNING - Settlement 'Henties Bay' not found. Error: Invalid API key. Please see https://openweathermap.org/faq#error401 for more info.
[2026-01-06 11:38:44,302] 94 root - INFO -  Skipped Henties Bay
[2026-01-06 11:38:45,122] 45 root - WARNING - Settlement 'Oshakati' not found. Error: Invalid API key. Please see https://openweathermap.org/faq#error401 for more info.
[2026-01-06 11:38:45,122] 94 root - INFO -  Skipped Oshakati
[2026-01-06 11:38:45,941] 45 root - WARNING - Settlement 'Ongwediva' not found. Error: Invalid API key. Please see https://openweathermap.org/faq#error401 for more info.
[2026-01-06 11:38:45,942] 94 root - INFO -  Skipped Ongwediva
[2026-01-06 11:38:46,757] 45 root - WARNING - Settlement 'Ompundja' not found. Error: Invalid API key. Please see https://openweathermap.org/faq#error401 for more info.
[2026-01-06 11:38:46,757] 94 root - INFO -  Skipped Ompundja
[2026-01-06 11:38:47,477] 45 root - WARNING - Settlement 'Eenhana' not found. Error: Invalid API key. Please see https://openweathermap.org/faq#error401 for more info.
[2026-01-06 11:38:47,477] 94 root - INFO -  Skipped Eenhana
[2026-01-06 11:38:48,298] 45 root - WARNING - Settlement 'Helao Nafidi' not found. Error: Invalid API key. Please see https://openweathermap.org/faq#error401 for more info.
[2026-01-06 11:38:48,298] 94 root - INFO -  Skipped Helao Nafidi
[2026-01-06 11:38:49,111] 45 root - WARNING - Settlement 'Okongo' not found. Error: Invalid API key. Please see https://openweathermap.org/faq#error401 for more info.
[2026-01-06 11:38:49,111] 94 root - INFO -  Skipped Okongo
[2026-01-06 11:38:49,947] 45 root - WARNING - Settlement 'Outapi' not found. Error: Invalid API key. Please see https://openweathermap.org/faq#error401 for more info.
[2026-01-06 11:38:49,947] 94 root - INFO -  Skipped Outapi
[2026-01-06 11:38:50,578] 45 root - WARNING - Settlement 'Tsandi' not found. Error: Invalid API key. Please see https://openweathermap.org/faq#error401 for more info.
[2026-01-06 11:38:50,578] 94 root - INFO -  Skipped Tsandi
[2026-01-06 11:38:51,368] 45 root - WARNING - Settlement 'Okahao' not found. Error: Invalid API key. Please see https://openweathermap.org/faq#error401 for more info.
[2026-01-06 11:38:51,368] 94 root - INFO -  Skipped Okahao
[2026-01-06 11:38:52,183] 45 root - WARNING - Settlement 'Ruacana' not found. Error: Invalid API key. Please see https://openweathermap.org/faq#error401 for more info.
[2026-01-06 11:38:52,183] 94 root - INFO -  Skipped Ruacana
[2026-01-06 11:38:53,007] 45 root - WARNING - Settlement 'Tsumeb' not found. Error: Invalid API key. Please see https://openweathermap.org/faq#error401 for more info.
[2026-01-06 11:38:53,007] 94 root - INFO -  Skipped Tsumeb
[2026-01-06 11:38:53,698] 45 root - WARNING - Settlement 'Omuthiya' not found. Error: Invalid API key. Please see https://openweathermap.org/faq#error401 for more info.
[2026-01-06 11:38:53,699] 94 root - INFO -  Skipped Omuthiya
[2026-01-06 11:38:54,441] 45 root - WARNING - Settlement 'Oniipa' not found. Error: Invalid API key. Please see https://openweathermap.org/faq#error401 for more info.
[2026-01-06 11:38:54,441] 94 root - INFO -  Skipped Oniipa
[2026-01-06 11:38:55,129] 45 root - WARNING - Settlement 'Otjiwarongo' not found. Error: Invalid API key. Please see https://openweathermap.org/faq#error401 for more info.
[2026-01-06 11:38:55,129] 94 root - INFO -  Skipped Otjiwarongo
[2026-01-06 11:38:55,875] 45 root - WARNING - Settlement 'Grootfontein' not found. Error: Invalid API key. Please see https://openweathermap.org/faq#error401 for more info.
[2026-01-06 11:38:55,876] 94 root - INFO -  Skipped Grootfontein
[2026-01-06 11:38:56,691] 45 root - WARNING - Settlement 'Okakarara' not found. Error: Invalid API key. Please see https://openweathermap.org/faq#error401 for more info.
[2026-01-06 11:38:56,691] 94 root - INFO -  Skipped Okakarara
[2026-01-06 11:38:57,442] 45 root - WARNING - Settlement 'Opuwo' not found. Error: Invalid API key. Please see https://openweathermap.org/faq#error401 for more info.
[2026-01-06 11:38:57,442] 94 root - INFO -  Skipped Opuwo
[2026-01-06 11:38:58,187] 45 root - WARNING - Settlement 'Khorixas' not found. Error: Invalid API key. Please see https://openweathermap.org/faq#error401 for more info.
[2026-01-06 11:38:58,188] 94 root - INFO -  Skipped Khorixas
[2026-01-06 11:38:58,850] 45 root - WARNING - Settlement 'Sesfontein' not found. Error: Invalid API key. Please see https://openweathermap.org/faq#error401 for more info.
[2026-01-06 11:38:58,851] 94 root - INFO -  Skipped Sesfontein
[2026-01-06 11:38:59,657] 45 root - WARNING - Settlement 'Katima Mulilo' not found. Error: Invalid API key. Please see https://openweathermap.org/faq#error401 for more info.
[2026-01-06 11:38:59,657] 94 root - INFO -  Skipped Katima Mulilo
[2026-01-06 11:39:00,481] 45 root - WARNING - Settlement 'Kongola' not found. Error: Invalid API key. Please see https://openweathermap.org/faq#error401 for more info.
[2026-01-06 11:39:00,481] 94 root - INFO -  Skipped Kongola
[2026-01-06 11:39:01,298] 45 root - WARNING - Settlement 'Rundu' not found. Error: Invalid API key. Please see https://openweathermap.org/faq#error401 for more info.
[2026-01-06 11:39:01,298] 94 root - INFO -  Skipped Rundu
[2026-01-06 11:39:02,128] 45 root - WARNING - Settlement 'Divundu' not found. Error: Invalid API key. Please see https://openweathermap.org/faq#error401 for more info.
[2026-01-06 11:39:02,129] 94 root - INFO -  Skipped Divundu
[2026-01-06 11:39:02,934] 45 root - WARNING - Settlement 'Nkurenkuru' not found. Error: Invalid API key. Please see https://openweathermap.org/faq#error401 for more info.
[2026-01-06 11:39:02,934] 94 root - INFO -  Skipped Nkurenkuru
[2026-01-06 11:39:03,759] 45 root - WARNING - Settlement 'Mpungu' not found. Error: Invalid API key. Please see https://openweathermap.org/faq#error401 for more info.
[2026-01-06 11:39:03,759] 94 root - INFO -  Skipped Mpungu
[2026-01-06 11:39:04,578] 45 root - WARNING - Settlement 'Mariental' not found. Error: Invalid API key. Please see https://openweathermap.org/faq#error401 for more info.
[2026-01-06 11:39:04,578] 94 root - INFO -  Skipped Mariental
[2026-01-06 11:39:05,398] 45 root - WARNING - Settlement 'Rehoboth' not found. Error: Invalid API key. Please see https://openweathermap.org/faq#error401 for more info.
[2026-01-06 11:39:05,398] 94 root - INFO -  Skipped Rehoboth
[2026-01-06 11:39:06,112] 45 root - WARNING - Settlement 'Gibeon' not found. Error: Invalid API key. Please see https://openweathermap.org/faq#error401 for more info.
[2026-01-06 11:39:06,113] 94 root - INFO -  Skipped Gibeon
[2026-01-06 11:39:06,935] 45 root - WARNING - Settlement 'Keetmanshoop' not found. Error: Invalid API key. Please see https://openweathermap.org/faq#error401 for more info.
[2026-01-06 11:39:06,936] 94 root - INFO -  Skipped Keetmanshoop
[2026-01-06 11:39:07,689] 45 root - WARNING - Settlement 'Lüderitz' not found. Error: Invalid API key. Please see https://openweathermap.org/faq#error401 for more info.
[2026-01-06 11:39:07,689] 94 root - INFO -  Skipped Lüderitz
[2026-01-06 11:39:08,334] 45 root - WARNING - Settlement 'Oranjemund' not found. Error: Invalid API key. Please see https://openweathermap.org/faq#error401 for more info.
[2026-01-06 11:39:08,334] 94 root - INFO -  Skipped Oranjemund
[2026-01-06 11:39:08,966] 45 root - WARNING - Settlement 'Karasburg' not found. Error: Invalid API key. Please see https://openweathermap.org/faq#error401 for more info.
[2026-01-06 11:39:08,966] 94 root - INFO -  Skipped Karasburg
[2026-01-06 11:39:09,800] 45 root - WARNING - Settlement 'Gobabis' not found. Error: Invalid API key. Please see https://openweathermap.org/faq#error401 for more info.
[2026-01-06 11:39:09,800] 94 root - INFO -  Skipped Gobabis
[2026-01-06 11:39:10,616] 45 root - WARNING - Settlement 'Leonardville' not found. Error: Invalid API key. Please see https://openweathermap.org/faq#error401 for more info.
[2026-01-06 11:39:10,616] 94 root - INFO -  Skipped Leonardville
[2026-01-06 11:39:11,443] 45 root - WARNING - Settlement 'Witvlei' not found. Error: Invalid API key. Please see https://openweathermap.org/faq#error401 for more info.
[2026-01-06 11:39:11,443] 94 root - INFO -  Skipped Witvlei
